[debug] [2023-09-29T11:55:28.068Z] ----------------------------------------------------------------------
[debug] [2023-09-29T11:55:28.073Z] Command:       C:\Program Files\nodejs\node.exe C:\Users\USER\AppData\Roaming\npm\node_modules\firebase-tools\lib\bin\firebase.js init
[debug] [2023-09-29T11:55:28.074Z] CLI Version:   12.6.1
[debug] [2023-09-29T11:55:28.075Z] Platform:      win32
[debug] [2023-09-29T11:55:28.075Z] Node Version:  v18.18.0
[debug] [2023-09-29T11:55:28.078Z] Time:          Fri Sep 29 2023 13:55:28 GMT+0200 (hora de verano de Europa central)
[debug] [2023-09-29T11:55:28.078Z] ----------------------------------------------------------------------
[debug] 
[debug] [2023-09-29T11:55:28.105Z] > command requires scopes: ["email","openid","https://www.googleapis.com/auth/cloudplatformprojects.readonly","https://www.googleapis.com/auth/firebase","https://www.googleapis.com/auth/cloud-platform"]
[debug] [2023-09-29T11:55:28.106Z] > authorizing via signed-in user (ismael.peralta.perez.2004@gmail.com)
[info] 
     ######## #### ########  ######## ########     ###     ######  ########
     ##        ##  ##     ## ##       ##     ##  ##   ##  ##       ##
     ######    ##  ########  ######   ########  #########  ######  ######
     ##        ##  ##    ##  ##       ##     ## ##     ##       ## ##
     ##       #### ##     ## ######## ########  ##     ##  ######  ########

You're about to initialize a Firebase project in this directory:

  C:\Windows\System32\ismael__proyecto

Before we get started, keep in mind:

  * You are currently outside your home directory

[info] 
=== Project Setup
[info] 
[info] First, let's associate this project directory with a Firebase project.
[info] You can create multiple project aliases by running firebase use --add, 
[info] but for now we'll just set up a default project.
[info] 
[info] i  If you want to create a project in a Google Cloud organization or folder, please use "firebase projects:create" instead, and return to this command when you've created the project. 
[debug] [2023-09-29T11:56:16.239Z] >>> [apiv2][query] POST https://cloudresourcemanager.googleapis.com/v1/projects [none]
[debug] [2023-09-29T11:56:16.241Z] >>> [apiv2][body] POST https://cloudresourcemanager.googleapis.com/v1/projects {"projectId":"mipaginaweb","name":"mipaginaweb"}
[debug] [2023-09-29T11:56:17.376Z] <<< [apiv2][status] POST https://cloudresourcemanager.googleapis.com/v1/projects 409
[debug] [2023-09-29T11:56:17.377Z] <<< [apiv2][body] POST https://cloudresourcemanager.googleapis.com/v1/projects {"error":{"code":409,"message":"Requested entity already exists","status":"ALREADY_EXISTS"}}
[debug] [2023-09-29T11:56:17.521Z] FirebaseError: HTTP Error: 409, Requested entity already exists
    at responseToError (C:\Users\USER\AppData\Roaming\npm\node_modules\firebase-tools\lib\responseToError.js:49:12)
    at RetryOperation._fn (C:\Users\USER\AppData\Roaming\npm\node_modules\firebase-tools\lib\apiv2.js:285:77)
    at process.processTicksAndRejections (node:internal/process/task_queues:95:5)
[error] 
[error] Error: Failed to create project because there is already a project with ID mipaginaweb. Please try again with a unique project ID.
